c:\users\lenovo\onedrive - ege üniversitesi\btkakademi\c++programming\casting\x64\debug\vc143.pdb
c:\users\lenovo\onedrive - ege üniversitesi\btkakademi\c++programming\casting\x64\debug\vc143.idb
c:\users\lenovo\onedrive - ege üniversitesi\btkakademi\c++programming\casting\x64\debug\casting.obj
c:\users\lenovo\onedrive - ege üniversitesi\btkakademi\c++programming\casting\x64\debug\casting.ilk
c:\users\lenovo\onedrive - ege üniversitesi\btkakademi\c++programming\oop_exercise\x64\debug\casting.pdb
c:\users\lenovo\onedrive - ege üniversitesi\btkakademi\c++programming\casting\x64\debug\casting.tlog\cl.command.1.tlog
c:\users\lenovo\onedrive - ege üniversitesi\btkakademi\c++programming\casting\x64\debug\casting.tlog\cl.items.tlog
c:\users\lenovo\onedrive - ege üniversitesi\btkakademi\c++programming\casting\x64\debug\casting.tlog\cl.read.1.tlog
c:\users\lenovo\onedrive - ege üniversitesi\btkakademi\c++programming\casting\x64\debug\casting.tlog\cl.write.1.tlog
c:\users\lenovo\onedrive - ege üniversitesi\btkakademi\c++programming\casting\x64\debug\casting.tlog\link-cvtres.read.1.tlog
c:\users\lenovo\onedrive - ege üniversitesi\btkakademi\c++programming\casting\x64\debug\casting.tlog\link-cvtres.write.1.tlog
c:\users\lenovo\onedrive - ege üniversitesi\btkakademi\c++programming\casting\x64\debug\casting.tlog\link-rc.read.1.tlog
c:\users\lenovo\onedrive - ege üniversitesi\btkakademi\c++programming\casting\x64\debug\casting.tlog\link-rc.write.1.tlog
c:\users\lenovo\onedrive - ege üniversitesi\btkakademi\c++programming\casting\x64\debug\casting.tlog\link.9604-cvtres.read.1.tlog
c:\users\lenovo\onedrive - ege üniversitesi\btkakademi\c++programming\casting\x64\debug\casting.tlog\link.9604-cvtres.write.1.tlog
c:\users\lenovo\onedrive - ege üniversitesi\btkakademi\c++programming\casting\x64\debug\casting.tlog\link.9604-rc.read.1.tlog
c:\users\lenovo\onedrive - ege üniversitesi\btkakademi\c++programming\casting\x64\debug\casting.tlog\link.9604-rc.write.1.tlog
c:\users\lenovo\onedrive - ege üniversitesi\btkakademi\c++programming\casting\x64\debug\casting.tlog\link.9604.read.1.tlog
c:\users\lenovo\onedrive - ege üniversitesi\btkakademi\c++programming\casting\x64\debug\casting.tlog\link.9604.read.2.tlog
c:\users\lenovo\onedrive - ege üniversitesi\btkakademi\c++programming\casting\x64\debug\casting.tlog\link.9604.write.1.tlog
c:\users\lenovo\onedrive - ege üniversitesi\btkakademi\c++programming\casting\x64\debug\casting.tlog\link.command.1.tlog
c:\users\lenovo\onedrive - ege üniversitesi\btkakademi\c++programming\casting\x64\debug\casting.tlog\link.read.1.tlog
c:\users\lenovo\onedrive - ege üniversitesi\btkakademi\c++programming\casting\x64\debug\casting.tlog\link.read.2.tlog
c:\users\lenovo\onedrive - ege üniversitesi\btkakademi\c++programming\casting\x64\debug\casting.tlog\link.secondary.1.tlog
c:\users\lenovo\onedrive - ege üniversitesi\btkakademi\c++programming\casting\x64\debug\casting.tlog\link.write.1.tlog
