c:\users\lenovo\source\repos\preprocessors\preprocessors\x64\debug\vc143.pdb
c:\users\lenovo\source\repos\preprocessors\preprocessors\x64\debug\vc143.idb
c:\users\lenovo\source\repos\preprocessors\preprocessors\x64\debug\preprocessors.obj
c:\users\lenovo\source\repos\preprocessors\preprocessors\x64\debug\auxiliary.obj
c:\users\lenovo\source\repos\preprocessors\x64\debug\preprocessors.exe
c:\users\lenovo\source\repos\preprocessors\x64\debug\preprocessors.pdb
c:\users\lenovo\source\repos\preprocessors\preprocessors\x64\debug\preprocessors.res
c:\users\lenovo\source\repos\preprocessors\preprocessors\x64\debug\preprocessors.ilk
c:\users\lenovo\onedrive - ege üniversitesi\btkakademi\c++programming\preprocessors\preprocessors\x64\debug\auxiliary.obj
c:\users\lenovo\onedrive - ege üniversitesi\btkakademi\c++programming\preprocessors\preprocessors\x64\debug\preprocessors.obj
c:\users\lenovo\onedrive - ege üniversitesi\btkakademi\c++programming\preprocessors\preprocessors\x64\debug\preprocessors.ilk
c:\users\lenovo\onedrive - ege üniversitesi\btkakademi\c++programming\preprocessors\preprocessors\x64\debug\preprocessors.res
c:\users\lenovo\onedrive - ege üniversitesi\btkakademi\c++programming\preprocessors\preprocessors\x64\debug\vc143.idb
c:\users\lenovo\onedrive - ege üniversitesi\btkakademi\c++programming\preprocessors\preprocessors\x64\debug\vc143.pdb
c:\users\lenovo\onedrive - ege üniversitesi\btkakademi\c++programming\preprocessors\x64\debug\preprocessors.pdb
c:\users\lenovo\onedrive - ege üniversitesi\btkakademi\c++programming\preprocessors\x64\debug\preprocessors.exe
c:\users\lenovo\onedrive - ege üniversitesi\btkakademi\c++programming\preprocessors\preprocessors\x64\debug\preprocessors.tlog\cl.command.1.tlog
c:\users\lenovo\onedrive - ege üniversitesi\btkakademi\c++programming\preprocessors\preprocessors\x64\debug\preprocessors.tlog\cl.items.tlog
c:\users\lenovo\onedrive - ege üniversitesi\btkakademi\c++programming\preprocessors\preprocessors\x64\debug\preprocessors.tlog\cl.read.1.tlog
c:\users\lenovo\onedrive - ege üniversitesi\btkakademi\c++programming\preprocessors\preprocessors\x64\debug\preprocessors.tlog\cl.write.1.tlog
c:\users\lenovo\onedrive - ege üniversitesi\btkakademi\c++programming\preprocessors\preprocessors\x64\debug\preprocessors.tlog\link.command.1.tlog
c:\users\lenovo\onedrive - ege üniversitesi\btkakademi\c++programming\preprocessors\preprocessors\x64\debug\preprocessors.tlog\link.read.1.tlog
c:\users\lenovo\onedrive - ege üniversitesi\btkakademi\c++programming\preprocessors\preprocessors\x64\debug\preprocessors.tlog\link.secondary.1.tlog
c:\users\lenovo\onedrive - ege üniversitesi\btkakademi\c++programming\preprocessors\preprocessors\x64\debug\preprocessors.tlog\link.write.1.tlog
c:\users\lenovo\onedrive - ege üniversitesi\btkakademi\c++programming\preprocessors\preprocessors\x64\debug\preprocessors.tlog\rc.command.1.tlog
c:\users\lenovo\onedrive - ege üniversitesi\btkakademi\c++programming\preprocessors\preprocessors\x64\debug\preprocessors.tlog\rc.read.1.tlog
c:\users\lenovo\onedrive - ege üniversitesi\btkakademi\c++programming\preprocessors\preprocessors\x64\debug\preprocessors.tlog\rc.write.1.tlog
